<?xml version="1.0" encoding="UTF-8"?>
<!-- Generated by org.testng.reporters.JUnitXMLReporter -->
<testsuite hostname="Yildizs-MBP" ignored="0" name="Command line test" tests="3" failures="1" timestamp="2023-01-15T11:19:44 CST" time="10.391" errors="0">
  <testcase name="validateTechGlobalLogo" time="0.081" classname="scripts.TechGlobalLogoTest">
    <failure type="java.lang.AssertionError" message="expected [true] but found [false]">
      <![CDATA[java.lang.AssertionError: expected [true] but found [false]
at scripts.TechGlobalLogoTest.validateTechGlobalLogo(TechGlobalLogoTest.java:10)
at java.util.ArrayList.forEach(ArrayList.java:1259)
... Removed 41 stack frames]]>
    </failure>
  </testcase> <!-- validateTechGlobalLogo -->
  <testcase name="validateTechGlobalHeaderDropdown" time="0.11" classname="scripts.TechGlobalHeaderTest"/>
  <testcase name="validateTechGlobalHeaderDropdownOptions" time="0.383" classname="scripts.TechGlobalHeaderTest"/>
</testsuite> <!-- Command line test -->
