<?xml version="1.0" encoding="UTF-8"?>
<testng-results skipped="0" failed="1" ignored="0" total="3" passed="2">
  <reporter-output>
  </reporter-output>
  <suite name="Command line suite" duration-ms="10391" started-at="2023-01-15T11:19:33 CST" finished-at="2023-01-15T11:19:44 CST">
    <groups>
    </groups>
    <test name="Command line test" duration-ms="10391" started-at="2023-01-15T11:19:33 CST" finished-at="2023-01-15T11:19:44 CST">
      <class name="scripts.TechGlobalLogoTest">
        <test-method status="PASS" signature="setup()[pri:0, instance:scripts.TechGlobalLogoTest@239963d8]" name="setup" is-config="true" duration-ms="3639" started-at="2023-01-15T11:19:33 CST" finished-at="2023-01-15T11:19:37 CST">
          <reporter-output>
          </reporter-output>
        </test-method> <!-- setup -->
        <test-method status="FAIL" signature="validateTechGlobalLogo()[pri:0, instance:scripts.TechGlobalLogoTest@239963d8]" name="validateTechGlobalLogo" duration-ms="81" started-at="2023-01-15T11:19:37 CST" finished-at="2023-01-15T11:19:37 CST">
          <exception class="java.lang.AssertionError">
            <message>
              <![CDATA[expected [true] but found [false]]]>
            </message>
            <full-stacktrace>
              <![CDATA[java.lang.AssertionError: expected [true] but found [false]
at org.testng.Assert.fail(Assert.java:97)
at org.testng.Assert.failNotEquals(Assert.java:969)
at org.testng.Assert.assertTrue(Assert.java:43)
at org.testng.Assert.assertTrue(Assert.java:53)
at scripts.TechGlobalLogoTest.validateTechGlobalLogo(TechGlobalLogoTest.java:10)
at sun.reflect.NativeMethodAccessorImpl.invoke0(Native Method)
at sun.reflect.NativeMethodAccessorImpl.invoke(NativeMethodAccessorImpl.java:62)
at sun.reflect.DelegatingMethodAccessorImpl.invoke(DelegatingMethodAccessorImpl.java:43)
at java.lang.reflect.Method.invoke(Method.java:498)
at org.testng.internal.MethodInvocationHelper.invokeMethod(MethodInvocationHelper.java:134)
at org.testng.internal.TestInvoker.invokeMethod(TestInvoker.java:597)
at org.testng.internal.TestInvoker.invokeTestMethod(TestInvoker.java:173)
at org.testng.internal.MethodRunner.runInSequence(MethodRunner.java:46)
at org.testng.internal.TestInvoker$MethodInvocationAgent.invoke(TestInvoker.java:816)
at org.testng.internal.TestInvoker.invokeTestMethods(TestInvoker.java:146)
at org.testng.internal.TestMethodWorker.invokeTestMethods(TestMethodWorker.java:146)
at org.testng.internal.TestMethodWorker.run(TestMethodWorker.java:128)
at java.util.ArrayList.forEach(ArrayList.java:1259)
at org.testng.TestRunner.privateRun(TestRunner.java:766)
at org.testng.TestRunner.run(TestRunner.java:587)
at org.testng.SuiteRunner.runTest(SuiteRunner.java:384)
at org.testng.SuiteRunner.runSequentially(SuiteRunner.java:378)
at org.testng.SuiteRunner.privateRun(SuiteRunner.java:337)
at org.testng.SuiteRunner.run(SuiteRunner.java:286)
at org.testng.SuiteRunnerWorker.runSuite(SuiteRunnerWorker.java:53)
at org.testng.SuiteRunnerWorker.run(SuiteRunnerWorker.java:96)
at org.testng.TestNG.runSuitesSequentially(TestNG.java:1187)
at org.testng.TestNG.runSuitesLocally(TestNG.java:1109)
at org.testng.TestNG.runSuites(TestNG.java:1039)
at org.testng.TestNG.run(TestNG.java:1007)
at org.apache.maven.surefire.testng.TestNGExecutor.run(TestNGExecutor.java:77)
at org.apache.maven.surefire.testng.TestNGDirectoryTestSuite.executeMulti(TestNGDirectoryTestSuite.java:159)
at org.apache.maven.surefire.testng.TestNGDirectoryTestSuite.execute(TestNGDirectoryTestSuite.java:99)
at org.apache.maven.surefire.testng.TestNGProvider.invoke(TestNGProvider.java:106)
at sun.reflect.NativeMethodAccessorImpl.invoke0(Native Method)
at sun.reflect.NativeMethodAccessorImpl.invoke(NativeMethodAccessorImpl.java:62)
at sun.reflect.DelegatingMethodAccessorImpl.invoke(DelegatingMethodAccessorImpl.java:43)
at java.lang.reflect.Method.invoke(Method.java:498)
at org.apache.maven.surefire.util.ReflectionUtils.invokeMethodWithArray(ReflectionUtils.java:189)
at org.apache.maven.surefire.booter.ProviderFactory$ProviderProxy.invoke(ProviderFactory.java:165)
at org.apache.maven.surefire.booter.ProviderFactory.invokeProvider(ProviderFactory.java:85)
at org.apache.maven.surefire.booter.ForkedBooter.runSuitesInProcess(ForkedBooter.java:115)
at org.apache.maven.surefire.booter.ForkedBooter.main(ForkedBooter.java:75)
]]>
            </full-stacktrace>
          </exception> <!-- java.lang.AssertionError -->
          <reporter-output>
          </reporter-output>
        </test-method> <!-- validateTechGlobalLogo -->
        <test-method status="PASS" signature="teardown()[pri:0, instance:scripts.TechGlobalLogoTest@239963d8]" name="teardown" is-config="true" duration-ms="100" started-at="2023-01-15T11:19:37 CST" finished-at="2023-01-15T11:19:37 CST">
          <reporter-output>
          </reporter-output>
        </test-method> <!-- teardown -->
      </class> <!-- scripts.TechGlobalLogoTest -->
      <class name="scripts.TechGlobalHeaderTest">
        <test-method status="PASS" signature="setup()[pri:0, instance:scripts.TechGlobalHeaderTest@3abbfa04]" name="setup" is-config="true" duration-ms="2742" started-at="2023-01-15T11:19:37 CST" finished-at="2023-01-15T11:19:40 CST">
          <reporter-output>
          </reporter-output>
        </test-method> <!-- setup -->
        <test-method status="PASS" signature="validateTechGlobalHeaderDropdown()[pri:1, instance:scripts.TechGlobalHeaderTest@3abbfa04]" name="validateTechGlobalHeaderDropdown" duration-ms="110" started-at="2023-01-15T11:19:40 CST" finished-at="2023-01-15T11:19:40 CST">
          <reporter-output>
          </reporter-output>
        </test-method> <!-- validateTechGlobalHeaderDropdown -->
        <test-method status="PASS" signature="teardown()[pri:0, instance:scripts.TechGlobalHeaderTest@3abbfa04]" name="teardown" is-config="true" duration-ms="103" started-at="2023-01-15T11:19:40 CST" finished-at="2023-01-15T11:19:40 CST">
          <reporter-output>
          </reporter-output>
        </test-method> <!-- teardown -->
        <test-method status="PASS" signature="setup()[pri:0, instance:scripts.TechGlobalHeaderTest@3abbfa04]" name="setup" is-config="true" duration-ms="3103" started-at="2023-01-15T11:19:40 CST" finished-at="2023-01-15T11:19:43 CST">
          <reporter-output>
          </reporter-output>
        </test-method> <!-- setup -->
        <test-method status="PASS" signature="validateTechGlobalHeaderDropdownOptions()[pri:2, instance:scripts.TechGlobalHeaderTest@3abbfa04]" name="validateTechGlobalHeaderDropdownOptions" duration-ms="383" started-at="2023-01-15T11:19:43 CST" finished-at="2023-01-15T11:19:44 CST">
          <reporter-output>
          </reporter-output>
        </test-method> <!-- validateTechGlobalHeaderDropdownOptions -->
        <test-method status="PASS" signature="teardown()[pri:0, instance:scripts.TechGlobalHeaderTest@3abbfa04]" name="teardown" is-config="true" duration-ms="97" started-at="2023-01-15T11:19:44 CST" finished-at="2023-01-15T11:19:44 CST">
          <reporter-output>
          </reporter-output>
        </test-method> <!-- teardown -->
      </class> <!-- scripts.TechGlobalHeaderTest -->
    </test> <!-- Command line test -->
  </suite> <!-- Command line suite -->
</testng-results>
